This is pdfTeX, Version 3.14159265-2.6-1.40.19 (TeX Live 2018) (preloaded format=pdflatex 2018.5.10)  8 JUN 2018 22:47
entering extended mode
 restricted \write18 enabled.
 %&-line parsing enabled.
**book
(./book.tex
LaTeX2e <2018-04-01> patch level 2
Babel <3.18> and hyphenation patterns for 84 language(s) loaded.
(/usr/local/texlive/2018/texmf-dist/tex/latex/base/book.cls
Document Class: book 2014/09/29 v1.4h Standard LaTeX document class
(/usr/local/texlive/2018/texmf-dist/tex/latex/base/bk10.clo
File: bk10.clo 2014/09/29 v1.4h Standard LaTeX file (size option)
)
\c@part=\count80
\c@chapter=\count81
\c@section=\count82
\c@subsection=\count83
\c@subsubsection=\count84
\c@paragraph=\count85
\c@subparagraph=\count86
\c@figure=\count87
\c@table=\count88
\abovecaptionskip=\skip41
\belowcaptionskip=\skip42
\bibindent=\dimen102
)
(/usr/local/texlive/2018/texmf-dist/tex/latex/geometry/geometry.sty
Package: geometry 2018/03/24 v5.7 Page Geometry

(/usr/local/texlive/2018/texmf-dist/tex/latex/graphics/keyval.sty
Package: keyval 2014/10/28 v1.15 key=value parser (DPC)
\KV@toks@=\toks14
)
(/usr/local/texlive/2018/texmf-dist/tex/generic/oberdiek/ifpdf.sty
Package: ifpdf 2017/03/15 v3.2 Provides the ifpdf switch
)
(/usr/local/texlive/2018/texmf-dist/tex/generic/oberdiek/ifvtex.sty
Package: ifvtex 2016/05/16 v1.6 Detect VTeX and its facilities (HO)
Package ifvtex Info: VTeX not detected.
)
(/usr/local/texlive/2018/texmf-dist/tex/generic/ifxetex/ifxetex.sty
Package: ifxetex 2010/09/12 v0.6 Provides ifxetex conditional
)
\Gm@cnth=\count89
\Gm@cntv=\count90
\c@Gm@tempcnt=\count91
\Gm@bindingoffset=\dimen103
\Gm@wd@mp=\dimen104
\Gm@odd@mp=\dimen105
\Gm@even@mp=\dimen106
\Gm@layoutwidth=\dimen107
\Gm@layoutheight=\dimen108
\Gm@layouthoffset=\dimen109
\Gm@layoutvoffset=\dimen110
\Gm@dimlist=\toks15
)
(/usr/local/texlive/2018/texmf-dist/tex/latex/base/fontenc.sty
Package: fontenc 2017/04/05 v2.0i Standard LaTeX package

(/usr/local/texlive/2018/texmf-dist/tex/latex/base/t1enc.def
File: t1enc.def 2017/04/05 v2.0i Standard LaTeX file
LaTeX Font Info:    Redeclaring font encoding T1 on input line 48.
))
(/usr/local/texlive/2018/texmf-dist/tex/latex/base/textcomp.sty
Package: textcomp 2017/04/05 v2.0i Standard LaTeX package
Package textcomp Info: Sub-encoding information:
(textcomp)               5 = only ISO-Adobe without \textcurrency
(textcomp)               4 = 5 + \texteuro
(textcomp)               3 = 4 + \textohm
(textcomp)               2 = 3 + \textestimated + \textcurrency
(textcomp)               1 = TS1 - \textcircled - \t
(textcomp)               0 = TS1 (full)
(textcomp)             Font families with sub-encoding setting implement
(textcomp)             only a restricted character set as indicated.
(textcomp)             Family '?' is the default used for unknown fonts.
(textcomp)             See the documentation for details.
Package textcomp Info: Setting ? sub-encoding to TS1/1 on input line 79.

(/usr/local/texlive/2018/texmf-dist/tex/latex/base/ts1enc.def
File: ts1enc.def 2001/06/05 v3.0e (jk/car/fm) Standard LaTeX file
Now handling font encoding TS1 ...
... processing UTF-8 mapping file for font encoding TS1

(/usr/local/texlive/2018/texmf-dist/tex/latex/base/ts1enc.dfu
File: ts1enc.dfu 2018/04/05 v1.2c UTF-8 support for inputenc
   defining Unicode char U+00A2 (decimal 162)
   defining Unicode char U+00A3 (decimal 163)
   defining Unicode char U+00A4 (decimal 164)
   defining Unicode char U+00A5 (decimal 165)
   defining Unicode char U+00A6 (decimal 166)
   defining Unicode char U+00A7 (decimal 167)
   defining Unicode char U+00A8 (decimal 168)
   defining Unicode char U+00A9 (decimal 169)
   defining Unicode char U+00AA (decimal 170)
   defining Unicode char U+00AC (decimal 172)
   defining Unicode char U+00AE (decimal 174)
   defining Unicode char U+00AF (decimal 175)
   defining Unicode char U+00B0 (decimal 176)
   defining Unicode char U+00B1 (decimal 177)
   defining Unicode char U+00B2 (decimal 178)
   defining Unicode char U+00B3 (decimal 179)
   defining Unicode char U+00B4 (decimal 180)
   defining Unicode char U+00B5 (decimal 181)
   defining Unicode char U+00B6 (decimal 182)
   defining Unicode char U+00B7 (decimal 183)
   defining Unicode char U+00B9 (decimal 185)
   defining Unicode char U+00BA (decimal 186)
   defining Unicode char U+00BC (decimal 188)
   defining Unicode char U+00BD (decimal 189)
   defining Unicode char U+00BE (decimal 190)
   defining Unicode char U+00D7 (decimal 215)
   defining Unicode char U+00F7 (decimal 247)
   defining Unicode char U+0192 (decimal 402)
   defining Unicode char U+02C7 (decimal 711)
   defining Unicode char U+02D8 (decimal 728)
   defining Unicode char U+02DD (decimal 733)
   defining Unicode char U+0E3F (decimal 3647)
   defining Unicode char U+2016 (decimal 8214)
   defining Unicode char U+2020 (decimal 8224)
   defining Unicode char U+2021 (decimal 8225)
   defining Unicode char U+2022 (decimal 8226)
   defining Unicode char U+2030 (decimal 8240)
   defining Unicode char U+2031 (decimal 8241)
   defining Unicode char U+203B (decimal 8251)
   defining Unicode char U+203D (decimal 8253)
   defining Unicode char U+2044 (decimal 8260)
   defining Unicode char U+204E (decimal 8270)
   defining Unicode char U+2052 (decimal 8274)
   defining Unicode char U+20A1 (decimal 8353)
   defining Unicode char U+20A4 (decimal 8356)
   defining Unicode char U+20A6 (decimal 8358)
   defining Unicode char U+20A9 (decimal 8361)
   defining Unicode char U+20AB (decimal 8363)
   defining Unicode char U+20AC (decimal 8364)
   defining Unicode char U+20B1 (decimal 8369)
   defining Unicode char U+2103 (decimal 8451)
   defining Unicode char U+2116 (decimal 8470)
   defining Unicode char U+2117 (decimal 8471)
   defining Unicode char U+211E (decimal 8478)
   defining Unicode char U+2120 (decimal 8480)
   defining Unicode char U+2122 (decimal 8482)
   defining Unicode char U+2126 (decimal 8486)
   defining Unicode char U+2127 (decimal 8487)
   defining Unicode char U+212E (decimal 8494)
   defining Unicode char U+2190 (decimal 8592)
   defining Unicode char U+2191 (decimal 8593)
   defining Unicode char U+2192 (decimal 8594)
   defining Unicode char U+2193 (decimal 8595)
   defining Unicode char U+2329 (decimal 9001)
   defining Unicode char U+232A (decimal 9002)
   defining Unicode char U+2422 (decimal 9250)
   defining Unicode char U+25E6 (decimal 9702)
   defining Unicode char U+25EF (decimal 9711)
   defining Unicode char U+266A (decimal 9834)
   defining Unicode char U+FEFF (decimal 65279)
))
LaTeX Info: Redefining \oldstylenums on input line 334.
Package textcomp Info: Setting cmr sub-encoding to TS1/0 on input line 349.
Package textcomp Info: Setting cmss sub-encoding to TS1/0 on input line 350.
Package textcomp Info: Setting cmtt sub-encoding to TS1/0 on input line 351.
Package textcomp Info: Setting cmvtt sub-encoding to TS1/0 on input line 352.
Package textcomp Info: Setting cmbr sub-encoding to TS1/0 on input line 353.
Package textcomp Info: Setting cmtl sub-encoding to TS1/0 on input line 354.
Package textcomp Info: Setting ccr sub-encoding to TS1/0 on input line 355.
Package textcomp Info: Setting ptm sub-encoding to TS1/4 on input line 356.
Package textcomp Info: Setting pcr sub-encoding to TS1/4 on input line 357.
Package textcomp Info: Setting phv sub-encoding to TS1/4 on input line 358.
Package textcomp Info: Setting ppl sub-encoding to TS1/3 on input line 359.
Package textcomp Info: Setting pag sub-encoding to TS1/4 on input line 360.
Package textcomp Info: Setting pbk sub-encoding to TS1/4 on input line 361.
Package textcomp Info: Setting pnc sub-encoding to TS1/4 on input line 362.
Package textcomp Info: Setting pzc sub-encoding to TS1/4 on input line 363.
Package textcomp Info: Setting bch sub-encoding to TS1/4 on input line 364.
Package textcomp Info: Setting put sub-encoding to TS1/5 on input line 365.
Package textcomp Info: Setting uag sub-encoding to TS1/5 on input line 366.
Package textcomp Info: Setting ugq sub-encoding to TS1/5 on input line 367.
Package textcomp Info: Setting ul8 sub-encoding to TS1/4 on input line 368.
Package textcomp Info: Setting ul9 sub-encoding to TS1/4 on input line 369.
Package textcomp Info: Setting augie sub-encoding to TS1/5 on input line 370.
Package textcomp Info: Setting dayrom sub-encoding to TS1/3 on input line 371.
Package textcomp Info: Setting dayroms sub-encoding to TS1/3 on input line 372.

Package textcomp Info: Setting pxr sub-encoding to TS1/0 on input line 373.
Package textcomp Info: Setting pxss sub-encoding to TS1/0 on input line 374.
Package textcomp Info: Setting pxtt sub-encoding to TS1/0 on input line 375.
Package textcomp Info: Setting txr sub-encoding to TS1/0 on input line 376.
Package textcomp Info: Setting txss sub-encoding to TS1/0 on input line 377.
Package textcomp Info: Setting txtt sub-encoding to TS1/0 on input line 378.
Package textcomp Info: Setting lmr sub-encoding to TS1/0 on input line 379.
Package textcomp Info: Setting lmdh sub-encoding to TS1/0 on input line 380.
Package textcomp Info: Setting lmss sub-encoding to TS1/0 on input line 381.
Package textcomp Info: Setting lmssq sub-encoding to TS1/0 on input line 382.
Package textcomp Info: Setting lmvtt sub-encoding to TS1/0 on input line 383.
Package textcomp Info: Setting lmtt sub-encoding to TS1/0 on input line 384.
Package textcomp Info: Setting qhv sub-encoding to TS1/0 on input line 385.
Package textcomp Info: Setting qag sub-encoding to TS1/0 on input line 386.
Package textcomp Info: Setting qbk sub-encoding to TS1/0 on input line 387.
Package textcomp Info: Setting qcr sub-encoding to TS1/0 on input line 388.
Package textcomp Info: Setting qcs sub-encoding to TS1/0 on input line 389.
Package textcomp Info: Setting qpl sub-encoding to TS1/0 on input line 390.
Package textcomp Info: Setting qtm sub-encoding to TS1/0 on input line 391.
Package textcomp Info: Setting qzc sub-encoding to TS1/0 on input line 392.
Package textcomp Info: Setting qhvc sub-encoding to TS1/0 on input line 393.
Package textcomp Info: Setting futs sub-encoding to TS1/4 on input line 394.
Package textcomp Info: Setting futx sub-encoding to TS1/4 on input line 395.
Package textcomp Info: Setting futj sub-encoding to TS1/4 on input line 396.
Package textcomp Info: Setting hlh sub-encoding to TS1/3 on input line 397.
Package textcomp Info: Setting hls sub-encoding to TS1/3 on input line 398.
Package textcomp Info: Setting hlst sub-encoding to TS1/3 on input line 399.
Package textcomp Info: Setting hlct sub-encoding to TS1/5 on input line 400.
Package textcomp Info: Setting hlx sub-encoding to TS1/5 on input line 401.
Package textcomp Info: Setting hlce sub-encoding to TS1/5 on input line 402.
Package textcomp Info: Setting hlcn sub-encoding to TS1/5 on input line 403.
Package textcomp Info: Setting hlcw sub-encoding to TS1/5 on input line 404.
Package textcomp Info: Setting hlcf sub-encoding to TS1/5 on input line 405.
Package textcomp Info: Setting pplx sub-encoding to TS1/3 on input line 406.
Package textcomp Info: Setting pplj sub-encoding to TS1/3 on input line 407.
Package textcomp Info: Setting ptmx sub-encoding to TS1/4 on input line 408.
Package textcomp Info: Setting ptmj sub-encoding to TS1/4 on input line 409.
)
(/usr/local/texlive/2018/texmf-dist/tex/latex/psnfss/mathpazo.sty
Package: mathpazo 2005/04/12 PSNFSS-v9.2a Palatino w/ Pazo Math (D.Puga, WaS) 
\symupright=\mathgroup4
)
(/usr/local/texlive/2018/texmf-dist/tex/latex/url/url.sty
\Urlmuskip=\muskip10
Package: url 2013/09/16  ver 3.4  Verb mode for urls, etc.
)
(/usr/local/texlive/2018/texmf-dist/tex/latex/fancyhdr/fancyhdr.sty
Package: fancyhdr 2017/06/30 v3.9a Extensive control of page headers and footer
s
\f@nch@headwidth=\skip43
\f@nch@O@elh=\skip44
\f@nch@O@erh=\skip45
\f@nch@O@olh=\skip46
\f@nch@O@orh=\skip47
\f@nch@O@elf=\skip48
\f@nch@O@erf=\skip49
\f@nch@O@olf=\skip50
\f@nch@O@orf=\skip51
)
(/usr/local/texlive/2018/texmf-dist/tex/latex/graphics/graphicx.sty
Package: graphicx 2017/06/01 v1.1a Enhanced LaTeX Graphics (DPC,SPQR)

(/usr/local/texlive/2018/texmf-dist/tex/latex/graphics/graphics.sty
Package: graphics 2017/06/25 v1.2c Standard LaTeX Graphics (DPC,SPQR)

(/usr/local/texlive/2018/texmf-dist/tex/latex/graphics/trig.sty
Package: trig 2016/01/03 v1.10 sin cos tan (DPC)
)
(/usr/local/texlive/2018/texmf-dist/tex/latex/graphics-cfg/graphics.cfg
File: graphics.cfg 2016/06/04 v1.11 sample graphics configuration
)
Package graphics Info: Driver file: pdftex.def on input line 99.

(/usr/local/texlive/2018/texmf-dist/tex/latex/graphics-def/pdftex.def
File: pdftex.def 2018/01/08 v1.0l Graphics/color driver for pdftex
))
\Gin@req@height=\dimen111
\Gin@req@width=\dimen112
)
(/usr/local/texlive/2018/texmf-dist/tex/latex/amsmath/amsmath.sty
Package: amsmath 2017/09/02 v2.17a AMS math features
\@mathmargin=\skip52

For additional information on amsmath, use the `?' option.
(/usr/local/texlive/2018/texmf-dist/tex/latex/amsmath/amstext.sty
Package: amstext 2000/06/29 v2.01 AMS text

(/usr/local/texlive/2018/texmf-dist/tex/latex/amsmath/amsgen.sty
File: amsgen.sty 1999/11/30 v2.0 generic functions
\@emptytoks=\toks16
\ex@=\dimen113
))
(/usr/local/texlive/2018/texmf-dist/tex/latex/amsmath/amsbsy.sty
Package: amsbsy 1999/11/29 v1.2d Bold Symbols
\pmbraise@=\dimen114
)
(/usr/local/texlive/2018/texmf-dist/tex/latex/amsmath/amsopn.sty
Package: amsopn 2016/03/08 v2.02 operator names
)
\inf@bad=\count92
LaTeX Info: Redefining \frac on input line 213.
\uproot@=\count93
\leftroot@=\count94
LaTeX Info: Redefining \overline on input line 375.
\classnum@=\count95
\DOTSCASE@=\count96
LaTeX Info: Redefining \ldots on input line 472.
LaTeX Info: Redefining \dots on input line 475.
LaTeX Info: Redefining \cdots on input line 596.
\Mathstrutbox@=\box26
\strutbox@=\box27
\big@size=\dimen115
LaTeX Font Info:    Redeclaring font encoding OML on input line 712.
LaTeX Font Info:    Redeclaring font encoding OMS on input line 713.
\macc@depth=\count97
\c@MaxMatrixCols=\count98
\dotsspace@=\muskip11
\c@parentequation=\count99
\dspbrk@lvl=\count100
\tag@help=\toks17
\row@=\count101
\column@=\count102
\maxfields@=\count103
\andhelp@=\toks18
\eqnshift@=\dimen116
\alignsep@=\dimen117
\tagshift@=\dimen118
\tagwidth@=\dimen119
\totwidth@=\dimen120
\lineht@=\dimen121
\@envbody=\toks19
\multlinegap=\skip53
\multlinetaggap=\skip54
\mathdisplay@stack=\toks20
LaTeX Info: Redefining \[ on input line 2817.
LaTeX Info: Redefining \] on input line 2818.
)
(/usr/local/texlive/2018/texmf-dist/tex/latex/amscls/amsthm.sty
Package: amsthm 2017/10/31 v2.20.4
\thm@style=\toks21
\thm@bodyfont=\toks22
\thm@headfont=\toks23
\thm@notefont=\toks24
\thm@headpunct=\toks25
\thm@preskip=\skip55
\thm@postskip=\skip56
\thm@headsep=\skip57
\dth@everypar=\toks26
)
(/usr/local/texlive/2018/texmf-dist/tex/latex/exercise/exercise.sty
Package: exercise 2014/10/20 v1.6 Exercise package (P.Pichaureau)

(/usr/local/texlive/2018/texmf-dist/tex/latex/base/ifthen.sty
Package: ifthen 2014/09/29 v1.1c Standard LaTeX ifthen package (DPC)
)
\ExerciseSkipBefore=\skip58
\ExerciseSkipAfter=\skip59
\AnswerSkipBefore=\skip60
\AnswerSkipAfter=\skip61
\Exesep=\skip62
\Exetopsep=\skip63
\Exeparsep=\skip64
\Exepartopsep=\skip65
\Exeleftmargin=\skip66
\Exerightmargin=\skip67
\Exelabelwidth=\skip68
\Exelabelsep=\skip69
\ExerciseBefore=\skip70
\QuestionBefore=\skip71
\subQuestionBefore=\skip72
\subsubQuestionBefore=\skip73
\QuestionIndent=\skip74
\subQuestionIndent=\skip75
\subsubQuestionIndent=\skip76
\c@Exercise=\count104
\c@Answer=\count105
\c@ExePart=\count106
\c@Question=\count107
\c@subQuestion=\count108
\c@subsubQuestion=\count109
\c@savedQuestion=\count110
\c@savedsubQuestion=\count111
\c@savedsubsubQuestion=\count112
\@QuestionLevel=\count113
\@Exercisebox=\box28
\all@Exercisebox=\box29
\temp@Exercisebox=\box30
\all@Answerbox=\box31
\temp@Answerbox=\box32
\ExerciseDifficulty=\count114
\QuestionDifficulty=\count115
\subQuestionDifficulty=\count116
\subsubQuestionDifficulty=\count117
\ExePartDifficulty=\count118
\@Answerbox=\box33
\colonnesLevel=\count119
\tempskipa=\skip77
\tempskipb=\skip78
\@savedmathindent=\skip79
)
(/usr/local/texlive/2018/texmf-dist/tex/latex/base/makeidx.sty
Package: makeidx 2014/09/29 v1.0m Standard LaTeX package
)
(/usr/local/texlive/2018/texmf-dist/tex/latex/setspace/setspace.sty
Package: setspace 2011/12/19 v6.7a set line spacing
)
(./hevea.sty
Package: hevea 2002/01/11
 (/usr/local/texlive/2018/texmf-dist/tex/latex/comment/comment.sty
\CommentStream=\write3

Excluding comment 'comment')
\c@cuttingdepth=\count120
 Excluding comment 'rawhtml'
Excluding comment 'htmlonly'
\@bgcolorbin=\box34
)
(/usr/local/texlive/2018/texmf-dist/tex/latex/upquote/upquote.sty
Package: upquote 2012/04/19 v1.3 upright-quote and grave-accent glyphs in verba
tim
)
(/usr/local/texlive/2018/texmf-dist/tex/latex/appendix/appendix.sty
Package: appendix 2009/09/02 v1.2b extra appendix facilities
\c@@pps=\count121
\c@@ppsavesec=\count122
\c@@ppsaveapp=\count123
)
(/usr/local/texlive/2018/texmf-dist/tex/latex/hyperref/hyperref.sty
Package: hyperref 2018/02/06 v6.86b Hypertext links for LaTeX

(/usr/local/texlive/2018/texmf-dist/tex/generic/oberdiek/hobsub-hyperref.sty
Package: hobsub-hyperref 2016/05/16 v1.14 Bundle oberdiek, subset hyperref (HO)


(/usr/local/texlive/2018/texmf-dist/tex/generic/oberdiek/hobsub-generic.sty
Package: hobsub-generic 2016/05/16 v1.14 Bundle oberdiek, subset generic (HO)
Package: hobsub 2016/05/16 v1.14 Construct package bundles (HO)
Package: infwarerr 2016/05/16 v1.4 Providing info/warning/error messages (HO)
Package: ltxcmds 2016/05/16 v1.23 LaTeX kernel commands for general use (HO)
Package: ifluatex 2016/05/16 v1.4 Provides the ifluatex switch (HO)
Package ifluatex Info: LuaTeX not detected.
Package hobsub Info: Skipping package `ifvtex' (already loaded).
Package: intcalc 2016/05/16 v1.2 Expandable calculations with integers (HO)
Package hobsub Info: Skipping package `ifpdf' (already loaded).
Package: etexcmds 2016/05/16 v1.6 Avoid name clashes with e-TeX commands (HO)
Package etexcmds Info: Could not find \expanded.
(etexcmds)             That can mean that you are not using pdfTeX 1.50 or
(etexcmds)             that some package has redefined \expanded.
(etexcmds)             In the latter case, load this package earlier.
Package: kvsetkeys 2016/05/16 v1.17 Key value parser (HO)
Package: kvdefinekeys 2016/05/16 v1.4 Define keys (HO)
Package: pdftexcmds 2018/01/30 v0.27 Utility functions of pdfTeX for LuaTeX (HO
)
Package pdftexcmds Info: LuaTeX not detected.
Package pdftexcmds Info: \pdf@primitive is available.
Package pdftexcmds Info: \pdf@ifprimitive is available.
Package pdftexcmds Info: \pdfdraftmode found.
Package: pdfescape 2016/05/16 v1.14 Implements pdfTeX's escape features (HO)
Package: bigintcalc 2016/05/16 v1.4 Expandable calculations on big integers (HO
)
Package: bitset 2016/05/16 v1.2 Handle bit-vector datatype (HO)
Package: uniquecounter 2016/05/16 v1.3 Provide unlimited unique counter (HO)
)
Package hobsub Info: Skipping package `hobsub' (already loaded).
Package: letltxmacro 2016/05/16 v1.5 Let assignment for LaTeX macros (HO)
Package: hopatch 2016/05/16 v1.3 Wrapper for package hooks (HO)
Package: xcolor-patch 2016/05/16 xcolor patch
Package: atveryend 2016/05/16 v1.9 Hooks at the very end of document (HO)
Package atveryend Info: \enddocument detected (standard20110627).
Package: atbegshi 2016/06/09 v1.18 At begin shipout hook (HO)
Package: refcount 2016/05/16 v3.5 Data extraction from label references (HO)
Package: hycolor 2016/05/16 v1.8 Color options for hyperref/bookmark (HO)
)
(/usr/local/texlive/2018/texmf-dist/tex/latex/oberdiek/auxhook.sty
Package: auxhook 2016/05/16 v1.4 Hooks for auxiliary files (HO)
)
(/usr/local/texlive/2018/texmf-dist/tex/latex/oberdiek/kvoptions.sty
Package: kvoptions 2016/05/16 v3.12 Key value format for package options (HO)
)
\@linkdim=\dimen122
\Hy@linkcounter=\count124
\Hy@pagecounter=\count125

(/usr/local/texlive/2018/texmf-dist/tex/latex/hyperref/pd1enc.def
File: pd1enc.def 2018/02/06 v6.86b Hyperref: PDFDocEncoding definition (HO)
Now handling font encoding PD1 ...
... no UTF-8 mapping file for font encoding PD1
)
\Hy@SavedSpaceFactor=\count126

(/usr/local/texlive/2018/texmf-dist/tex/latex/latexconfig/hyperref.cfg
File: hyperref.cfg 2002/06/06 v1.2 hyperref configuration of TeXLive
)
Package hyperref Info: Option `bookmarks' set `true' on input line 4383.
Package hyperref Info: Hyper figures OFF on input line 4509.
Package hyperref Info: Link nesting OFF on input line 4514.
Package hyperref Info: Hyper index ON on input line 4517.
Package hyperref Info: Plain pages OFF on input line 4524.
Package hyperref Info: Backreferencing OFF on input line 4529.
Package hyperref Info: Implicit mode ON; LaTeX internals redefined.
Package hyperref Info: Bookmarks ON on input line 4762.
\c@Hy@tempcnt=\count127
LaTeX Info: Redefining \url on input line 5115.
\XeTeXLinkMargin=\dimen123
\Fld@menulength=\count128
\Field@Width=\dimen124
\Fld@charsize=\dimen125
Package hyperref Info: Hyper figures OFF on input line 6369.
Package hyperref Info: Link nesting OFF on input line 6374.
Package hyperref Info: Hyper index ON on input line 6377.
Package hyperref Info: backreferencing OFF on input line 6384.
Package hyperref Info: Link coloring OFF on input line 6389.
Package hyperref Info: Link coloring with OCG OFF on input line 6394.
Package hyperref Info: PDF/A mode OFF on input line 6399.
LaTeX Info: Redefining \ref on input line 6439.
LaTeX Info: Redefining \pageref on input line 6443.
\Hy@abspage=\count129
\c@Item=\count130
\c@Hfootnote=\count131
)
Package hyperref Info: Driver (autodetected): hpdftex.

(/usr/local/texlive/2018/texmf-dist/tex/latex/hyperref/hpdftex.def
File: hpdftex.def 2018/02/06 v6.86b Hyperref driver for pdfTeX
\Fld@listcount=\count132
\c@bookmark@seq@number=\count133

(/usr/local/texlive/2018/texmf-dist/tex/latex/oberdiek/rerunfilecheck.sty
Package: rerunfilecheck 2016/05/16 v1.8 Rerun checks for auxiliary files (HO)
Package uniquecounter Info: New unique counter `rerunfilecheck' on input line 2
82.
)
\Hy@SectionHShift=\skip80
)
\@indexfile=\write4
\openout4 = `book.idx'.


Writing index file book.idx
(./book.aux)
\openout1 = `book.aux'.

LaTeX Font Info:    Checking defaults for OML/cmm/m/it on input line 55.
LaTeX Font Info:    ... okay on input line 55.
LaTeX Font Info:    Checking defaults for T1/cmr/m/n on input line 55.
LaTeX Font Info:    ... okay on input line 55.
LaTeX Font Info:    Checking defaults for OT1/cmr/m/n on input line 55.
LaTeX Font Info:    ... okay on input line 55.
LaTeX Font Info:    Checking defaults for OMS/cmsy/m/n on input line 55.
LaTeX Font Info:    ... okay on input line 55.
LaTeX Font Info:    Checking defaults for OMX/cmex/m/n on input line 55.
LaTeX Font Info:    ... okay on input line 55.
LaTeX Font Info:    Checking defaults for U/cmr/m/n on input line 55.
LaTeX Font Info:    ... okay on input line 55.
LaTeX Font Info:    Checking defaults for TS1/cmr/m/n on input line 55.
LaTeX Font Info:    Try loading font information for TS1+cmr on input line 55.
 (/usr/local/texlive/2018/texmf-dist/tex/latex/base/ts1cmr.fd
File: ts1cmr.fd 2014/09/29 v2.5h Standard LaTeX font definitions
)
LaTeX Font Info:    ... okay on input line 55.
LaTeX Font Info:    Checking defaults for PD1/pdf/m/n on input line 55.
LaTeX Font Info:    ... okay on input line 55.
LaTeX Font Info:    Try loading font information for T1+ppl on input line 55.

(/usr/local/texlive/2018/texmf-dist/tex/latex/psnfss/t1ppl.fd
File: t1ppl.fd 2001/06/04 font definitions for T1/ppl.
)
*geometry* driver: auto-detecting
*geometry* detected driver: pdftex
*geometry* verbose mode - [ preamble ] result:
* driver: pdftex
* paper: <default>
* layout: <same size as paper>
* layoutoffset:(h,v)=(0.0pt,0.0pt)
* hratio: 3:2
* vratio: 1:1
* modes: twoside 
* h-part:(L,W,R)=(130.086pt, 397.48499pt, 86.72401pt)
* v-part:(T,H,B)=(90.3375pt, 614.295pt, 90.3375pt)
* \paperwidth=614.295pt
* \paperheight=794.96999pt
* \textwidth=397.48499pt
* \textheight=614.295pt
* \oddsidemargin=57.81601pt
* \evensidemargin=14.45403pt
* \topmargin=-11.99998pt
* \headheight=12.0pt
* \headsep=18.06749pt
* \topskip=10.0pt
* \footskip=25.29494pt
* \marginparwidth=125.0pt
* \marginparsep=7.0pt
* \columnsep=10.0pt
* \skip\footins=9.0pt plus 4.0pt minus 2.0pt
* \hoffset=0.0pt
* \voffset=0.0pt
* \mag=1000
* \@twocolumnfalse
* \@twosidetrue
* \@mparswitchtrue
* \@reversemarginfalse
* (1in=72.27pt=25.4mm, 1cm=28.453pt)

(/usr/local/texlive/2018/texmf-dist/tex/context/base/mkii/supp-pdf.mkii
[Loading MPS to PDF converter (version 2006.09.02).]
\scratchcounter=\count134
\scratchdimen=\dimen126
\scratchbox=\box35
\nofMPsegments=\count135
\nofMParguments=\count136
\everyMPshowfont=\toks27
\MPscratchCnt=\count137
\MPscratchDim=\dimen127
\MPnumerator=\count138
\makeMPintoPDFobject=\count139
\everyMPtoPDFconversion=\toks28
) (/usr/local/texlive/2018/texmf-dist/tex/latex/oberdiek/epstopdf-base.sty
Package: epstopdf-base 2016/05/15 v2.6 Base part for package epstopdf

(/usr/local/texlive/2018/texmf-dist/tex/latex/oberdiek/grfext.sty
Package: grfext 2016/05/16 v1.2 Manage graphics extensions (HO)
)
Package epstopdf-base Info: Redefining graphics rule for `.eps' on input line 4
38.
Package grfext Info: Graphics extension search list:
(grfext)             [.pdf,.png,.jpg,.mps,.jpeg,.jbig2,.jb2,.PDF,.PNG,.JPG,.JPE
G,.JBIG2,.JB2,.eps]
(grfext)             \AppendGraphicsExtensions on input line 456.

(/usr/local/texlive/2018/texmf-dist/tex/latex/latexconfig/epstopdf-sys.cfg
File: epstopdf-sys.cfg 2010/07/13 v1.3 Configuration of (r)epstopdf for TeX Liv
e
))
\AtBeginShipoutBox=\box36
Package hyperref Info: Link coloring OFF on input line 55.

(/usr/local/texlive/2018/texmf-dist/tex/latex/hyperref/nameref.sty
Package: nameref 2016/05/21 v2.44 Cross-referencing by name of section

(/usr/local/texlive/2018/texmf-dist/tex/generic/oberdiek/gettitlestring.sty
Package: gettitlestring 2016/05/16 v1.5 Cleanup title references (HO)
)
\c@section@level=\count140
)
LaTeX Info: Redefining \ref on input line 55.
LaTeX Info: Redefining \pageref on input line 55.
LaTeX Info: Redefining \nameref on input line 55.

(./book.out) (./book.out)
\@outlinefile=\write5
\openout5 = `book.out'.

\c@exercise=\count141
 (./latexonly) [1


{/usr/local/texlive/2018/texmf-var/fonts/map/pdftex/updmap/pdftex.map}] [2] [3]
LaTeX Font Info:    Try loading font information for TS1+ppl on input line 166.


(/usr/local/texlive/2018/texmf-dist/tex/latex/psnfss/ts1ppl.fd
File: ts1ppl.fd 2001/06/04 font definitions for TS1/ppl.
)
LaTeX Font Info:    Try loading font information for T1+cmtt on input line 179.


(/usr/local/texlive/2018/texmf-dist/tex/latex/base/t1cmtt.fd
File: t1cmtt.fd 2014/09/29 v2.5h Standard LaTeX font definitions
)
LaTeX Font Info:    Try loading font information for OT1+ppl on input line 179.


(/usr/local/texlive/2018/texmf-dist/tex/latex/psnfss/ot1ppl.fd
File: ot1ppl.fd 2001/06/04 font definitions for OT1/ppl.
)
LaTeX Font Info:    Try loading font information for OML+zplm on input line 179
.

(/usr/local/texlive/2018/texmf-dist/tex/latex/psnfss/omlzplm.fd
File: omlzplm.fd 2002/09/08 Fontinst v1.914 font definitions for OML/zplm.
)
LaTeX Font Info:    Try loading font information for OMS+zplm on input line 179
.

(/usr/local/texlive/2018/texmf-dist/tex/latex/psnfss/omszplm.fd
File: omszplm.fd 2002/09/08 Fontinst v1.914 font definitions for OMS/zplm.
)
LaTeX Font Info:    Try loading font information for OMX+zplm on input line 179
.

(/usr/local/texlive/2018/texmf-dist/tex/latex/psnfss/omxzplm.fd
File: omxzplm.fd 2002/09/08 Fontinst v1.914 font definitions for OMX/zplm.
)
LaTeX Font Info:    Try loading font information for OT1+zplm on input line 179
.

(/usr/local/texlive/2018/texmf-dist/tex/latex/psnfss/ot1zplm.fd
File: ot1zplm.fd 2002/09/08 Fontinst v1.914 font definitions for OT1/zplm.
)
Excluding 'htmlonly' comment. [4]
LaTeX Font Info:    Font shape `T1/ppl/bx/n' in size <24.88> not available
(Font)              Font shape `T1/ppl/b/n' tried instead on input line 218.
LaTeX Font Info:    Font shape `T1/ppl/bx/n' in size <14.4> not available
(Font)              Font shape `T1/ppl/b/n' tried instead on input line 220.
 [5

]
Underfull \hbox (badness 10000) in paragraph at lines 317--319

 []

LaTeX Font Info:    Font shape `T1/ppl/bx/n' in size <10> not available
(Font)              Font shape `T1/ppl/b/n' tried instead on input line 364.
[6] [7] [8] [9] [10] [11] [12

] (./book.toc [13

] [14] [15] [16] [17] [18]
[19] [20])
\tf@toc=\write6
\openout6 = `book.toc'.

 [21] [22

]
Chapter 1.
LaTeX Font Info:    Font shape `T1/ppl/bx/n' in size <20.74> not available
(Font)              Font shape `T1/ppl/b/n' tried instead on input line 737.
[1


]
<figs/interpret.pdf, id=1371, 263.98625pt x 61.22874pt>
File: figs/interpret.pdf Graphic file (type pdf)
<use figs/interpret.pdf>
Package pdftex.def Info: figs/interpret.pdf  used on input line 807.
(pdftex.def)             Requested size: 237.58542pt x 55.10533pt.
<figs/compile.pdf, id=1373, 386.44376pt x 61.22874pt>
File: figs/compile.pdf Graphic file (type pdf)
<use figs/compile.pdf>
Package pdftex.def Info: figs/compile.pdf  used on input line 822.
(pdftex.def)             Requested size: 347.79616pt x 55.10533pt.
 [2 <./figs/interpret.pdf> <./figs/compile.pdf>]
LaTeX Font Info:    Font shape `T1/ppl/bx/n' in size <12> not available
(Font)              Font shape `T1/ppl/b/n' tried instead on input line 922.
 [3] [4] [5]
LaTeX Font Info:    Try loading font information for TS1+cmtt on input line 116
4.

(/usr/local/texlive/2018/texmf-dist/tex/latex/base/ts1cmtt.fd
File: ts1cmtt.fd 2014/09/29 v2.5h Standard LaTeX font definitions
) [6] [7] [8]
[9] [10

]
Chapter 2.
[11]
<figs/state2.pdf, id=1444, 313.17pt x 60.225pt>
File: figs/state2.pdf Graphic file (type pdf)
<use figs/state2.pdf>
Package pdftex.def Info: figs/state2.pdf  used on input line 1527.
(pdftex.def)             Requested size: 250.53633pt x 48.18005pt.
 [12 <./figs/state2.pdf>] [13] [14]
Underfull \hbox (badness 1178) in paragraph at lines 1778--1782
[]\T1/ppl/b/n/10 M\T1/ppl/m/n/10 ultiplication and \T1/ppl/b/n/10 D\T1/ppl/m/n/
10 ivision have the same prece-dence, which is higher than
 []

[15] [16] [17] [18]
Chapter 3.
[19

] [20] [21] [22] [23] [24]
<figs/stack.pdf, id=1524, 279.0425pt x 141.52875pt>
File: figs/stack.pdf Graphic file (type pdf)
<use figs/stack.pdf>
Package pdftex.def Info: figs/stack.pdf  used on input line 2610.
(pdftex.def)             Requested size: 223.2343pt x 113.22314pt.
 [25 <./figs/stack.pdf>] [26] [27] [28] [29]
[30]
Chapter 4.
[31

] [32] [33] [34] [35] [36] [37] [38]
<figs/flowers.pdf, id=1620, 264.99pt x 103.38625pt>
File: figs/flowers.pdf Graphic file (type pdf)
<use figs/flowers.pdf>
Package pdftex.def Info: figs/flowers.pdf  used on input line 3718.
(pdftex.def)             Requested size: 211.99228pt x 82.70909pt.

Underfull \hbox (badness 10000) in paragraph at lines 3729--3731
[]\T1/ppl/m/it/10 Solution: []$\T1/cmtt/m/it/10 http : / / thinkpython . com / 
code / flower . py$[]\T1/ppl/m/it/10 , also re-quires []$\T1/cmtt/m/it/10 http 
:
 []

<figs/pies.pdf, id=1624, 220.825pt x 72.27pt>
File: figs/pies.pdf Graphic file (type pdf)
<use figs/pies.pdf>
Package pdftex.def Info: figs/pies.pdf  used on input line 3736.
(pdftex.def)             Requested size: 176.66022pt x 57.81606pt.
[39 <./figs/flowers.pdf> <./figs/pies.pdf>]
Underfull \hbox (badness 10000) in paragraph at lines 3769--3771
[]\T1/ppl/m/it/10 Solution: []$\T1/cmtt/m/it/10 http : / / thinkpython . com / 
code / letters . py$[]\T1/ppl/m/it/10 , also re-quires []$\T1/cmtt/m/it/10 http
 :
 []

[40]
Chapter 5.
[41

] [42] [43] [44]
<figs/stack2.pdf, id=1679, 139.52126pt x 150.5625pt>
File: figs/stack2.pdf Graphic file (type pdf)
<use figs/stack2.pdf>
Package pdftex.def Info: figs/stack2.pdf  used on input line 4186.
(pdftex.def)             Requested size: 111.61714pt x 120.45015pt.
 [45]
LaTeX Font Info:    Try loading font information for T1+cmss on input line 4265
.

(/usr/local/texlive/2018/texmf-dist/tex/latex/base/t1cmss.fd
File: t1cmss.fd 2014/09/29 v2.5h Standard LaTeX font definitions
) [46 <./figs/stack2.pdf>] [47] [48] [49]
<figs/koch.pdf, id=1720, 258.9675pt x 78.2925pt>
File: figs/koch.pdf Graphic file (type pdf)
<use figs/koch.pdf>
Package pdftex.def Info: figs/koch.pdf  used on input line 4565.
(pdftex.def)             Requested size: 207.17426pt x 62.63406pt.
 [50 <./figs/koch.pdf>]
Chapter 6.
[51

] [52] [53]
Underfull \hbox (badness 1490) in paragraph at lines 4935--4938
\T1/ppl/m/n/10 It is com-mon to give boolean func-tions names that sound like y
es/no ques-tions;
 []

[54] [55]
<figs/stack3.pdf, id=1774, 321.2pt x 150.5625pt>
File: figs/stack3.pdf Graphic file (type pdf)
<use figs/stack3.pdf>
Package pdftex.def Info: figs/stack3.pdf  used on input line 5116.
(pdftex.def)             Requested size: 256.96034pt x 120.45015pt.
 [56] [57 <./figs/stack3.pdf>] [58] [59] [60] [61] [62]
Chapter 7.
<figs/assign2.pdf, id=1830, 78.2925pt x 42.1575pt>
File: figs/assign2.pdf Graphic file (type pdf)
<use figs/assign2.pdf>
Package pdftex.def Info: figs/assign2.pdf  used on input line 5592.
(pdftex.def)             Requested size: 62.63406pt x 33.72603pt.
[63

] [64 <./figs/assign2.pdf>] [65] [66] [67] [68] [69] [70]
Chapter 8.
[71

] [72]
<figs/banana.pdf, id=1897, 195.73125pt x 52.195pt>
File: figs/banana.pdf Graphic file (type pdf)
<use figs/banana.pdf>
Package pdftex.def Info: figs/banana.pdf  used on input line 6321.
(pdftex.def)             Requested size: 156.58519pt x 41.75604pt.
 [73 <./figs/banana.pdf>] [74] [75]
Underfull \hbox (badness 10000) in paragraph at lines 6588--6593
[]\T1/ppl/m/it/10 The doc-u-men-ta-tion uses a syn-tax that might be con-fus-in
g. For ex-am-ple, in
 []

[76] [77]
<figs/state4.pdf, id=1937, 245.91875pt x 56.21pt>
File: figs/state4.pdf Graphic file (type pdf)
<use figs/state4.pdf>
Package pdftex.def Info: figs/state4.pdf  used on input line 6779.
(pdftex.def)             Requested size: 196.73524pt x 44.96805pt.
 [78 <./figs/state4.pdf>] [79] [80]
Chapter 9.
[81

] [82] [83] [84] [85]
Underfull \hbox (badness 1975) in paragraph at lines 7430--7436
[]\T1/ppl/b/n/10 Exercise 9.8. \T1/ppl/m/it/10 Here's an-other \T1/ppl/m/n/10 C
ar Talk \T1/ppl/m/it/10 Puz-zler ([]$\T1/cmtt/m/it/10 http : / / www . cartalk 
. com / content /
 []

[86]
Chapter 10.
[87

]
<figs/liststate.pdf, id=2018, 218.8175pt x 204.765pt>
File: figs/liststate.pdf Graphic file (type pdf)
<use figs/liststate.pdf>
Package pdftex.def Info: figs/liststate.pdf  used on input line 7594.
(pdftex.def)             Requested size: 175.05423pt x 163.8122pt.
 [88 <./figs/liststate.pdf>] [89] [90] [91] [92]
<figs/list1.pdf, id=2052, 218.8175pt x 42.1575pt>
File: figs/list1.pdf Graphic file (type pdf)
<use figs/list1.pdf>
Package pdftex.def Info: figs/list1.pdf  used on input line 8160.
(pdftex.def)             Requested size: 175.05423pt x 33.72603pt.
 [93]
<figs/list2.pdf, id=2060, 96.36pt x 42.1575pt>
File: figs/list2.pdf Graphic file (type pdf)
<use figs/list2.pdf>
Package pdftex.def Info: figs/list2.pdf  used on input line 8200.
(pdftex.def)             Requested size: 77.08807pt x 33.72603pt.
<figs/list3.pdf, id=2062, 96.36pt x 42.1575pt>
File: figs/list3.pdf Graphic file (type pdf)
<use figs/list3.pdf>
Package pdftex.def Info: figs/list3.pdf  used on input line 8244.
(pdftex.def)             Requested size: 77.08807pt x 33.72603pt.
 [94 <./figs/list1.pdf> <./figs/list2.pdf>]
<figs/stack5.pdf, id=2082, 241.90375pt x 74.2775pt>
File: figs/stack5.pdf Graphic file (type pdf)
<use figs/stack5.pdf>
Package pdftex.def Info: figs/stack5.pdf  used on input line 8319.
(pdftex.def)             Requested size: 193.52325pt x 59.42207pt.
 [95 <./figs/list3.pdf> <./figs/stack5.pdf>] [96] [97]
[98] [99] [100

]
Chapter 11.
[101] [102] [103] [104]
<figs/dict1.pdf, id=2175, 318.18875pt x 136.51pt>
File: figs/dict1.pdf Graphic file (type pdf)
<use figs/dict1.pdf>
Package pdftex.def Info: figs/dict1.pdf  used on input line 9145.
(pdftex.def)             Requested size: 254.55133pt x 109.20813pt.
 [105] [106 <./figs/dict1.pdf>]
<figs/fibonacci.pdf, id=2200, 309.155pt x 218.8175pt>
File: figs/fibonacci.pdf Graphic file (type pdf)
<use figs/fibonacci.pdf>
Package pdftex.def Info: figs/fibonacci.pdf  used on input line 9223.
(pdftex.def)             Requested size: 216.40701pt x 153.17119pt.
 [107 <./figs/fibonacci.pdf>] [108] [109] [110] [111] [112

]
Chapter 12.
[113] [114] [115] [116] [117]
<figs/tuple1.pdf, id=2281, 124.465pt x 56.21pt>
File: figs/tuple1.pdf Graphic file (type pdf)
<use figs/tuple1.pdf>
Package pdftex.def Info: figs/tuple1.pdf  used on input line 10183.
(pdftex.def)             Requested size: 99.57213pt x 44.96805pt.
<figs/dict2.pdf, id=2283, 235.88126pt x 127.47626pt>
File: figs/dict2.pdf Graphic file (type pdf)
<use figs/dict2.pdf>
Package pdftex.def Info: figs/dict2.pdf  used on input line 10194.
(pdftex.def)             Requested size: 188.70525pt x 101.98112pt.
 [118 <./figs/tuple1.pdf> <./figs/dict2.pdf>]
[119] [120]
Underfull \hbox (badness 1577) in paragraph at lines 10539--10541
[]\T1/ppl/b/n/10 Exercise 12.6. \T1/ppl/m/it/10 Here's an-other Car Talk Puz-zl
er ([]$\T1/cmtt/m/it/10 http : / / www . cartalk . com / content /
 []

[121] [122]
Chapter 13.
[123

] [124]
Underfull \hbox (badness 1430) in paragraph at lines 10813--10818
[][][]\T1/cmtt/m/n/10 process_file []\T1/ppl/m/n/10 loops through the lines of 
the file, pass-ing them one at a time to
 []

[125] [126] [127]
Underfull \hbox (badness 10000) in paragraph at lines 11092--11101

 []


Underfull \hbox (badness 10000) in paragraph at lines 11092--11101

 []

[128] [129] [130] [131] [132]
Chapter 14.
[133

] [134] [135] [136] [137] [138] [139] [140] [141] [142

]
Chapter 15.
[143]
<figs/point.pdf, id=2505, 124.465pt x 55.20625pt>
File: figs/point.pdf Graphic file (type pdf)
<use figs/point.pdf>
Package pdftex.def Info: figs/point.pdf  used on input line 12470.
(pdftex.def)             Requested size: 99.57213pt x 44.16504pt.
 [144 <./figs/point.pdf>] [145]
<figs/rectangle.pdf, id=2521, 219.82124pt x 74.2775pt>
File: figs/rectangle.pdf Graphic file (type pdf)
<use figs/rectangle.pdf>
Package pdftex.def Info: figs/rectangle.pdf  used on input line 12597.
(pdftex.def)             Requested size: 175.85722pt x 59.42207pt.
 [146 <./figs/rectangle.pdf>] [147]
<figs/rectangle2.pdf, id=2539, 371.3875pt x 60.225pt>
File: figs/rectangle2.pdf Graphic file (type pdf)
<use figs/rectangle2.pdf>
Package pdftex.def Info: figs/rectangle2.pdf  used on input line 12757.
(pdftex.def)             Requested size: 297.1104pt x 48.18005pt.

Underfull \hbox (badness 2818) in paragraph at lines 12772--12778
[]\T1/ppl/m/n/10 For most ap-pli-ca-tions, this is not what you want. In this e
x-am-ple, in-vok-ing
 []

[148 <./figs/rectangle2.pdf>] [149] [150]
Chapter 16.
<figs/time.pdf, id=2572, 139.52126pt x 73.27374pt>
File: figs/time.pdf Graphic file (type pdf)
<use figs/time.pdf>
Package pdftex.def Info: figs/time.pdf  used on input line 13061.
(pdftex.def)             Requested size: 111.61714pt x 58.61905pt.
[151

] [152 <./figs/time.pdf>] [153] [154] [155] [156]
Chapter 17.
[157

] [158] [159] [160] [161] [162] [163] [164]
Underfull \hbox (badness 1824) in paragraph at lines 14248--14250
[]\T1/ppl/m/it/10 A method named [][]\T1/cmtt/m/n/10 put_in_pouch []\T1/ppl/m/i
t/10 that takes an ob-ject of any type and adds it to
 []

[165] [166]
Chapter 18.
[167

] [168]
<figs/card1.pdf, id=2715, 194.7275pt x 155.58125pt>
File: figs/card1.pdf Graphic file (type pdf)
<use figs/card1.pdf>
Package pdftex.def Info: figs/card1.pdf  used on input line 14516.
(pdftex.def)             Requested size: 155.7822pt x 124.46515pt.
 [169 <./figs/card1.pdf>] [170] [171] [172] [173]
<figs/class1.pdf, id=2748, 150.5625pt x 87.32625pt>
File: figs/class1.pdf Graphic file (type pdf)
<use figs/class1.pdf>
Package pdftex.def Info: figs/class1.pdf  used on input line 14956.
(pdftex.def)             Requested size: 120.45015pt x 69.86108pt.
 [174 <./figs/class1.pdf>] [175] [176] [177] [178]
Chapter 19.
[179

] [180] [181] [182]
<figs/TurtleWorld.pdf, id=2840, 597.23125pt x 432.61626pt>
File: figs/TurtleWorld.pdf Graphic file (type pdf)
<use figs/TurtleWorld.pdf>
Package pdftex.def Info: figs/TurtleWorld.pdf  used on input line 15776.
(pdftex.def)             Requested size: 298.61488pt x 216.3076pt.

Underfull \hbox (badness 4846) in paragraph at lines 15782--15785
[]\T1/ppl/m/n/10 This sec-tion presents the code that cre-ates this GUI, bro-ke
n into a se-ries of
 []

[183] [184 <./figs/TurtleWorld.pdf>] [185] [186] [187] [188] [189] [190]
[191] [192

]
Appendix A.
[193] [194] [195] [196] [197] [198] [199] [200]
Appendix B.
[201

] [202] [203]
Underfull \hbox (badness 1400) in paragraph at lines 17405--17412
[]\T1/cmtt/m/n/10 keys\T1/ppl/m/n/10 , \T1/cmtt/m/n/10 values \T1/ppl/m/n/10 an
d \T1/cmtt/m/n/10 items \T1/ppl/m/n/10 are lin-ear be-cause they re-turn new li
sts; \T1/cmtt/m/n/10 iterkeys\T1/ppl/m/n/10 ,
 []

[204] [205] [206] [207] [208]
<figs/towers.pdf, id=3034, 659.46375pt x 158.5925pt>
File: figs/towers.pdf Graphic file (type pdf)
<use figs/towers.pdf>
Package pdftex.def Info: figs/towers.pdf  used on input line 17738.
(pdftex.def)             Requested size: 659.46213pt x 158.59209pt.
 [209 <./figs/towers.pdf>] [210

]
Appendix C.
<figs/lumpydemo1.pdf, id=3063, 230.8625pt x 90.3375pt>
File: figs/lumpydemo1.pdf Graphic file (type pdf)
<use figs/lumpydemo1.pdf>
Package pdftex.def Info: figs/lumpydemo1.pdf  used on input line 17829.
(pdftex.def)             Requested size: 161.60263pt x 63.23581pt.
[211]
<figs/lumpydemo2.pdf, id=3070, 317.185pt x 30.1125pt>
File: figs/lumpydemo2.pdf Graphic file (type pdf)
<use figs/lumpydemo2.pdf>
Package pdftex.def Info: figs/lumpydemo2.pdf  used on input line 17890.
(pdftex.def)             Requested size: 222.02797pt x 21.07858pt.
 [212 <./figs/lumpydemo1.pdf> <./figs/lumpydemo2.pdf>]
<figs/lumpydemo3.pdf, id=3089, 167.62625pt x 186.6975pt>
File: figs/lumpydemo3.pdf Graphic file (type pdf)
<use figs/lumpydemo3.pdf>
Package pdftex.def Info: figs/lumpydemo3.pdf  used on input line 17938.
(pdftex.def)             Requested size: 117.33755pt x 130.68735pt.
 [213 <./figs/lumpydemo3.pdf>]
<figs/lumpydemo4.pdf, id=3104, 174.6525pt x 307.1475pt>
File: figs/lumpydemo4.pdf Graphic file (type pdf)
<use figs/lumpydemo4.pdf>
Package pdftex.def Info: figs/lumpydemo4.pdf  used on input line 17970.
(pdftex.def)             Requested size: 122.2559pt x 215.00177pt.
<figs/lumpydemo5.pdf, id=3108, 189.70876pt x 216.81pt>
File: figs/lumpydemo5.pdf Graphic file (type pdf)
<use figs/lumpydemo5.pdf>
Package pdftex.def Info: figs/lumpydemo5.pdf  used on input line 17998.
(pdftex.def)             Requested size: 132.79521pt x 151.76596pt.
 [214 <./figs/lumpydemo4.pdf>]
<figs/lumpydemo6.pdf, id=3122, 371.3875pt x 96.36pt>
File: figs/lumpydemo6.pdf Graphic file (type pdf)
<use figs/lumpydemo6.pdf>
Package pdftex.def Info: figs/lumpydemo6.pdf  used on input line 18042.
(pdftex.def)             Requested size: 259.96947pt x 67.45152pt.
 [215 <./figs/lumpydemo5.pdf> <./figs/lumpydemo6.pdf>]
<figs/lumpydemo7.pdf, id=3142, 192.72pt x 139.52126pt>
File: figs/lumpydemo7.pdf Graphic file (type pdf)
<use figs/lumpydemo7.pdf>
Package pdftex.def Info: figs/lumpydemo7.pdf  used on input line 18104.
(pdftex.def)             Requested size: 134.90306pt x 97.6642pt.
<figs/lumpydemo8.pdf, id=3143, 399.4925pt x 318.18875pt>
File: figs/lumpydemo8.pdf Graphic file (type pdf)
<use figs/lumpydemo8.pdf>
Package pdftex.def Info: figs/lumpydemo8.pdf  used on input line 18111.
(pdftex.def)             Requested size: 279.64284pt x 222.73059pt.
 [216 <./figs/lumpydemo7.pdf>] [217 <./figs/lumpydemo8.pdf>]
(./book.ind [218] [219

] [220] [221] [222] [223] [224] [225] [226] [227]
[228] [229] [230])
Package atveryend Info: Empty hook `BeforeClearDocument' on input line 18204.
Package atveryend Info: Empty hook `AfterLastShipout' on input line 18204.
 (./book.aux)
Package atveryend Info: Executing hook `AtVeryEndDocument' on input line 18204.

Package atveryend Info: Executing hook `AtEndAfterFileList' on input line 18204
.
Package rerunfilecheck Info: File `book.out' has not changed.
(rerunfilecheck)             Checksum: FB5564D7F167707CFAA0C183DD791DC5;15613.
Package atveryend Info: Empty hook `AtVeryVeryEnd' on input line 18204.
 ) 
Here is how much of TeX's memory you used:
 9379 strings out of 492649
 133181 string characters out of 6129607
 224269 words of memory out of 5000000
 12225 multiletter control sequences out of 15000+600000
 51021 words of font info for 108 fonts, out of 8000000 for 9000
 1141 hyphenation exceptions out of 8191
 29i,12n,43p,230b,604s stack positions out of 5000i,500n,10000p,200000b,80000s
{/usr/local/texlive/2018/texmf-dist/fonts/enc/dvips/cm-super/cm-super-t1.enc}
{/usr/local/texlive/2018/texmf-dist/fonts/enc/dvips/cm-super/cm-super-ts1.enc}{
/usr/local/texlive/2018/texmf-dist/fonts/enc/dvips/base/8r.enc}</usr/local/texl
ive/2018/texmf-dist/fonts/type1/public/amsfonts/cm/cmex10.pfb></usr/local/texli
ve/2018/texmf-dist/fonts/type1/public/amsfonts/cm/cmmi10.pfb></usr/local/texliv
e/2018/texmf-dist/fonts/type1/public/amsfonts/cm/cmr10.pfb></usr/local/texlive/
2018/texmf-dist/fonts/type1/public/amsfonts/cm/cmsy10.pfb></usr/local/texlive/2
018/texmf-dist/fonts/type1/public/mathpazo/fplmr.pfb></usr/local/texlive/2018/t
exmf-dist/fonts/type1/public/mathpazo/fplmri.pfb></usr/local/texlive/2018/texmf
-dist/fonts/type1/public/cm-super/sfit1000.pfb></usr/local/texlive/2018/texmf-d
ist/fonts/type1/public/cm-super/sfss1000.pfb></usr/local/texlive/2018/texmf-dis
t/fonts/type1/public/cm-super/sftt0800.pfb></usr/local/texlive/2018/texmf-dist/
fonts/type1/public/cm-super/sftt0900.pfb></usr/local/texlive/2018/texmf-dist/fo
nts/type1/public/cm-super/sftt1000.pfb></usr/local/texlive/2018/texmf-dist/font
s/type1/public/cm-super/sftt1200.pfb></usr/local/texlive/2018/texmf-dist/fonts/
type1/public/cm-super/sftt1440.pfb></usr/local/texlive/2018/texmf-dist/fonts/ty
pe1/urw/palatino/uplb8a.pfb></usr/local/texlive/2018/texmf-dist/fonts/type1/urw
/palatino/uplr8a.pfb></usr/local/texlive/2018/texmf-dist/fonts/type1/urw/palati
no/uplri8a.pfb>
Output written on book.pdf (252 pages, 1015556 bytes).
PDF statistics:
 5423 PDF objects out of 6186 (max. 8388607)
 5031 compressed objects within 51 object streams
 835 named destinations out of 1000 (max. 500000)
 2178 words of extra memory for PDF output out of 10000 (max. 10000000)

